c:\users\82104\desktop\github\mario\mario\windowsproject1\x64\debug\vc142.pdb
c:\users\gustn\onedrive\바탕 화면\github\github\mario\mario\windowsproject1\x64\debug\vc142.pdb
c:\users\gustn\onedrive\바탕 화면\github\github\mario\mario\windowsproject1\x64\debug\menu.obj
c:\users\gustn\onedrive\바탕 화면\github\github\mario\mario\windowsproject1\x64\debug\block.obj
c:\users\gustn\onedrive\바탕 화면\github\github\mario\mario\windowsproject1\x64\debug\map.obj
c:\users\gustn\onedrive\바탕 화면\github\github\mario\mario\windowsproject1\x64\debug\scenemanager.obj
c:\users\gustn\onedrive\바탕 화면\github\github\mario\mario\windowsproject1\x64\debug\mapmanager.obj
c:\users\gustn\onedrive\바탕 화면\github\github\mario\mario\windowsproject1\x64\debug\main.obj
c:\users\gustn\onedrive\바탕 화면\github\github\mario\mario\windowsproject1\x64\debug\stage.obj
c:\users\gustn\onedrive\바탕 화면\github\github\mario\mario\windowsproject1\x64\debug\itemblock.obj
c:\users\gustn\onedrive\바탕 화면\github\github\mario\mario\windowsproject1\x64\debug\ground.obj
c:\users\gustn\onedrive\바탕 화면\github\github\mario\mario\windowsproject1\x64\debug\blockmanager.obj
c:\users\gustn\onedrive\바탕 화면\github\github\mario\mario\windowsproject1\x64\debug\charicmanager.obj
c:\users\gustn\onedrive\바탕 화면\github\github\mario\mario\windowsproject1\x64\debug\player.obj
c:\users\gustn\onedrive\바탕 화면\github\github\mario\mario\windowsproject1\x64\debug\loading.obj
c:\users\gustn\onedrive\바탕 화면\github\github\mario\mario\windowsproject1\x64\debug\object.obj
c:\users\gustn\onedrive\바탕 화면\github\github\mario\mario\windowsproject1\x64\debug\keymanager.obj
c:\users\gustn\onedrive\바탕 화면\github\github\mario\mario\windowsproject1\x64\debug\imagemanager.obj
c:\users\gustn\onedrive\바탕 화면\github\github\mario\mario\windowsproject1\x64\debug\imagemap.obj
c:\users\gustn\onedrive\바탕 화면\github\github\mario\mario\windowsproject1\x64\debug\extern.obj
c:\users\gustn\onedrive\바탕 화면\github\github\mario\mario\windowsproject1\x64\debug\cursor.obj
c:\users\gustn\onedrive\바탕 화면\github\github\mario\mario\windowsproject1\x64\debug\charic.obj
c:\users\gustn\onedrive\바탕 화면\github\github\mario\mario\windowsproject1\x64\debug\butten.obj
c:\users\gustn\onedrive\바탕 화면\github\github\mario\mario\windowsproject1\x64\debug\windowsproject1.obj
c:\users\gustn\onedrive\바탕 화면\github\github\mario\mario\windowsproject1\x64\debug\scene.obj
c:\users\gustn\onedrive\바탕 화면\github\github\mario\mario\windowsproject1\x64\debug\monster.obj
c:\users\gustn\onedrive\바탕 화면\github\github\mario\mario\windowsproject1\x64\debug\onggum.obj
c:\users\gustn\onedrive\바탕 화면\github\github\mario\mario\windowsproject1\x64\debug\gumba.obj
c:\users\gustn\onedrive\바탕 화면\github\github\mario\mario\windowsproject1\x64\debug\item.obj
c:\users\gustn\onedrive\바탕 화면\github\github\mario\mario\windowsproject1\x64\debug\coin.obj
c:\users\gustn\onedrive\바탕 화면\github\github\mario\mario\windowsproject1\x64\debug\itemmanager.obj
c:\users\gustn\onedrive\바탕 화면\github\github\mario\mario\windowsproject1\x64\debug\mushroom.obj
c:\users\gustn\onedrive\바탕 화면\github\github\mario\mario\windowsproject1\x64\debug\fireflower.obj
c:\users\gustn\onedrive\바탕 화면\github\github\mario\mario\windowsproject1\x64\debug\fire.obj
c:\users\gustn\onedrive\바탕 화면\github\github\mario\mario\windowsproject1\x64\debug\superflower.obj
c:\users\gustn\onedrive\바탕 화면\github\github\mario\mario\windowsproject1\x64\debug\superball.obj
c:\users\gustn\onedrive\바탕 화면\github\github\mario\mario\windowsproject1\x64\debug\goombrat.obj
c:\users\gustn\onedrive\바탕 화면\github\github\mario\mario\windowsproject1\x64\debug\redonggum.obj
c:\users\gustn\onedrive\바탕 화면\github\github\mario\mario\windowsproject1\x64\debug\goomba.obj
c:\users\gustn\onedrive\바탕 화면\github\github\mario\mario\windowsproject1\x64\debug\itembox.obj
c:\users\gustn\onedrive\바탕 화면\github\github\mario\mario\windowsproject1\x64\debug\pipe.obj
c:\users\gustn\onedrive\바탕 화면\github\github\mario\mario\windowsproject1\x64\debug\halfground.obj
c:\users\gustn\onedrive\바탕 화면\github\github\mario\mario\windowsproject1\x64\debug\gool.obj
c:\users\gustn\onedrive\바탕 화면\github\github\mario\mario\windowsproject1\x64\debug\goal.obj
c:\users\gustn\onedrive\바탕 화면\github\github\mario\mario\x64\debug\windowsproject1.exe
c:\users\gustn\onedrive\바탕 화면\github\github\mario\mario\windowsproject1\x64\debug\windowsproject1.ilk
c:\users\gustn\onedrive\바탕 화면\github\github\mario\mario\x64\debug\windowsproject1.pdb
c:\users\gustn\onedrive\바탕 화면\github\github\mario\mario\windowsproject1\x64\debug\windowsproject1.res
c:\users\gustn\onedrive\바탕 화면\github\github\mario\mario\windowsproject1\x64\debug\background.obj
c:\users\gustn\onedrive\바탕 화면\github\github\mario\mario\windowsproject1\x64\debug\objectmanager.obj
c:\users\gustn\onedrive\바탕 화면\github\github\mario\mario\x64\debug\windowsproject1.ilk
c:\users\gustn\onedrive\바탕 화면\github\github\mario\mario\windowsproject1\x64\debug\windowsproject1.tlog\cl.command.1.tlog
c:\users\gustn\onedrive\바탕 화면\github\github\mario\mario\windowsproject1\x64\debug\windowsproject1.tlog\cl.read.1.tlog
c:\users\gustn\onedrive\바탕 화면\github\github\mario\mario\windowsproject1\x64\debug\windowsproject1.tlog\cl.write.1.tlog
c:\users\gustn\onedrive\바탕 화면\github\github\mario\mario\windowsproject1\x64\debug\windowsproject1.tlog\link.command.1.tlog
c:\users\gustn\onedrive\바탕 화면\github\github\mario\mario\windowsproject1\x64\debug\windowsproject1.tlog\link.delete.1.tlog
c:\users\gustn\onedrive\바탕 화면\github\github\mario\mario\windowsproject1\x64\debug\windowsproject1.tlog\link.read.1.tlog
c:\users\gustn\onedrive\바탕 화면\github\github\mario\mario\windowsproject1\x64\debug\windowsproject1.tlog\link.write.1.tlog
c:\users\gustn\onedrive\바탕 화면\github\github\mario\mario\windowsproject1\x64\debug\windowsproject1.tlog\rc.command.1.tlog
c:\users\gustn\onedrive\바탕 화면\github\github\mario\mario\windowsproject1\x64\debug\windowsproject1.tlog\rc.read.1.tlog
c:\users\gustn\onedrive\바탕 화면\github\github\mario\mario\windowsproject1\x64\debug\windowsproject1.tlog\rc.write.1.tlog
